[18-Mar-2019 08:48:25] NOTICE: fpm is running, pid 16
[18-Mar-2019 08:48:25] NOTICE: ready to handle connections
[20-Mar-2019 06:20:37] NOTICE: Terminating ...
[20-Mar-2019 06:20:37] NOTICE: exiting, bye-bye!
[20-Mar-2019 10:12:01] NOTICE: fpm is running, pid 56
[20-Mar-2019 10:12:01] NOTICE: ready to handle connections
[24-Mar-2019 07:45:10] NOTICE: fpm is running, pid 56
[24-Mar-2019 07:45:10] NOTICE: ready to handle connections
[24-Mar-2019 15:18:20] WARNING: [pool www] server reached pm.max_children setting (5), consider raising it
[24-Mar-2019 15:34:49] WARNING: [pool www] server reached pm.max_children setting (5), consider raising it
[25-Mar-2019 04:54:33] NOTICE: fpm is running, pid 26
[25-Mar-2019 04:54:33] NOTICE: ready to handle connections
[25-Mar-2019 08:03:04] WARNING: [pool www] server reached pm.max_children setting (5), consider raising it
[25-Mar-2019 12:03:10] NOTICE: fpm is running, pid 56
[25-Mar-2019 12:03:10] NOTICE: ready to handle connections
[25-Mar-2019 12:03:43] NOTICE: Terminating ...
[25-Mar-2019 12:03:43] NOTICE: exiting, bye-bye!
[25-Mar-2019 12:03:50] NOTICE: fpm is running, pid 54
[25-Mar-2019 12:03:50] NOTICE: ready to handle connections
[26-Mar-2019 10:31:19] NOTICE: fpm is running, pid 55
[26-Mar-2019 10:31:19] NOTICE: ready to handle connections
[28-Mar-2019 17:52:48] NOTICE: fpm is running, pid 56
[28-Mar-2019 17:52:48] NOTICE: ready to handle connections
[30-Mar-2019 12:09:57] NOTICE: fpm is running, pid 57
[30-Mar-2019 12:09:57] NOTICE: ready to handle connections
[30-Mar-2019 12:13:10] NOTICE: Terminating ...
[30-Mar-2019 12:13:10] NOTICE: exiting, bye-bye!
[02-Apr-2019 08:13:20] NOTICE: fpm is running, pid 57
[02-Apr-2019 08:13:20] NOTICE: ready to handle connections
[02-Apr-2019 08:54:40] NOTICE: Terminating ...
[02-Apr-2019 08:54:40] NOTICE: exiting, bye-bye!
