********************************************************************************
DUPLICATOR-LITE PACKAGE-LOG: April 2, 2019 8:30 am
NOTICE: Do NOT post to public sites or forums 
********************************************************************************
VERSION:	1.3.10
WORDPRESS:	5.1.1
PHP INFO:	7.2.9 | SAPI: fpm-fcgi
SERVER:		nginx/1.14.0 
PHP TIME LIMIT: (0) no time limit imposed 
PHP MAX MEMORY: 4294967296 (256M default) 
MEMORY STACK: 6MB 

********************************************************************************
DATABASE:
********************************************************************************
BUILD MODE:   MYSQLDUMP
MYSQLTIMEOUT: 5000
MYSQLDUMP:    Is Supported 
SQL CREATED: 20190328_leapleap_a9aeb585c436a55b6101_20190402082815_database.sql 
SQL FILE SIZE: 881.78KB (902946) 
SQL FILE TIME: 2019-04-02 08:30:28 
SQL RUNTIME: 6.85 sec. 

******************************************************************************** 
ARCHIVE (ZIP): 
******************************************************************************** 
ARCHIVE DIR:  /app/public 
ARCHIVE FILE: 20190328_leapleap_a9aeb585c436a55b6101_20190402082815_archive.zip 
FILTERS: *OFF* 
DIRS:
	not set 
FILES:
	not set 
EXTS:  not set 
---------------------------------------- 
COMPRESSING 
SIZE:	176.78MB 
STATS:	Dirs 1,134 | Files 7,089 
SQL ADDED: 20190328_leapleap_a9aeb585c436a55b6101_20190402082815_database.sql 
ZipArchive Object
(
    [status] => 0
    [statusSys] => 0
    [numFiles] => 8223
    [filename] => /app/public/wp-snapshots/tmp/20190328_leapleap_a9aeb585c436a55b6101_20190402082815_archive.zip
    [comment] => 
)
 
FILE ADDED TO ZIP: 8222 
COMPRESSION RESULT: '1' 
COMPRESSED SIZE: 67.8MB 
ARCHIVE RUNTIME: 146.24 sec. 
MEMORY STACK: 8MB 
building installer 
add_extra_files1 
add_extra_files2 
add_extra_files3 
add_extra_files4 
Doing archive file check 
add_extra_files5 
add_extra_files6 
add_extra_files8 
Successfully opened zip /app/public/wp-snapshots/tmp/20190328_leapleap_a9aeb585c436a55b6101_20190402082815_archive.zip 
Adding enhanced installer files to archive using ZipArchive 
Installer files added to archive 
Added to archive 
After ziparchive close when adding installer 

******************************************************************************** 
INTEGRITY CHECKS: 
******************************************************************************** 
SQL FILE: 881.78KB 
INSTALLER FILE: 207.32KB 
ARCHIVE FILE: 68.78MB  
EXPECTED FILE/DIRECTORY COUNT: 8,223 
ACTUAL FILE/DIRECTORY COUNT: 8,222 
ARCHIVE CONSISTENCY TEST: Pass 

********************************************************************************
RECORD ID:[2]
TOTAL PROCESS RUNTIME: 159.21 sec.
PEAK PHP MEMORY USED: 10MB
DONE PROCESSING => 20190328_leapleap April 2, 2019 8:33 am
 
